<?xml version="1.0" encoding="UTF-8"?>
<!-- Generated by org.testng.reporters.JUnitReportReporter -->
<testsuite hostname="NUC2" failures="0" tests="14" name="org.BIMNetworks.BuyDirect_Test.WelcomePageTest" time="24.080" errors="0" timestamp="2024-06-28T15:21:55 IST" skipped="0">
  <testcase classname="org.BIMNetworks.BuyDirect_Test.WelcomePageTest" name="test_PartnerLogo" time="4.183"/>
  <system-out/>
  <testcase classname="org.BIMNetworks.BuyDirect_Test.WelcomePageTest" name="test_TitleisDisplayedCenter" time="2.041"/>
  <system-out/>
  <testcase classname="org.BIMNetworks.BuyDirect_Test.WelcomePageTest" name="test_WelcomePageTitle" time="0.416"/>
  <system-out/>
  <testcase classname="org.BIMNetworks.BuyDirect_Test.WelcomePageTest" name="test_PartnerTenderNameisDisplayed" time="0.198"/>
  <system-out/>
  <testcase classname="org.BIMNetworks.BuyDirect_Test.WelcomePageTest" name="test_SignInHereLinkTextisDisplayed" time="0.504"/>
  <system-out/>
  <testcase classname="org.BIMNetworks.BuyDirect_Test.WelcomePageTest" name="test_welcomeMessage1" time="2.965"/>
  <system-out/>
  <testcase classname="org.BIMNetworks.BuyDirect_Test.WelcomePageTest" name="test_PartnerTenderNameHeader" time="2.767"/>
  <system-out/>
  <testcase classname="org.BIMNetworks.BuyDirect_Test.WelcomePageTest" name="test_CurrentURL" time="0.087"/>
  <system-out/>
  <testcase classname="org.BIMNetworks.BuyDirect_Test.WelcomePageTest" name="test_ContinueButton" time="3.126"/>
  <system-out/>
  <testcase classname="org.BIMNetworks.BuyDirect_Test.WelcomePageTest" name="BrokenImageTest" time="0.696"/>
  <system-out/>
  <testcase classname="org.BIMNetworks.BuyDirect_Test.WelcomePageTest" name="test_PartnerLogoisDisplayed" time="0.225"/>
  <system-out/>
  <testcase classname="org.BIMNetworks.BuyDirect_Test.WelcomePageTest" name="test_TextBeforeSignInHereLink" time="0.449"/>
  <system-out/>
  <testcase classname="org.BIMNetworks.BuyDirect_Test.WelcomePageTest" name="test_welcomeMessage2" time="5.974"/>
  <system-out/>
  <testcase classname="org.BIMNetworks.BuyDirect_Test.WelcomePageTest" name="test_ContinueButtonText" time="0.449"/>
  <system-out/>
</testsuite> <!-- org.BIMNetworks.BuyDirect_Test.WelcomePageTest -->
