<?xml version="1.0" encoding="UTF-8"?>
<!-- Generated by org.testng.reporters.JUnitReportReporter -->
<testsuite hostname="NUC2" failures="0" tests="14" name="org.BIMNetworks.BuyDirect_Test.WelcomePageTest" time="24.663" errors="0" timestamp="2024-07-02T16:06:35 IST" skipped="0">
  <testcase classname="org.BIMNetworks.BuyDirect_Test.WelcomePageTest" name="brokenImageTest" time="0.979"/>
  <system-out/>
  <testcase classname="org.BIMNetworks.BuyDirect_Test.WelcomePageTest" name="testPartnerLogo" time="3.672"/>
  <system-out/>
  <testcase classname="org.BIMNetworks.BuyDirect_Test.WelcomePageTest" name="testPartnerLogoisDisplayed" time="0.621"/>
  <system-out/>
  <testcase classname="org.BIMNetworks.BuyDirect_Test.WelcomePageTest" name="testContinueButtonText" time="0.417"/>
  <system-out/>
  <testcase classname="org.BIMNetworks.BuyDirect_Test.WelcomePageTest" name="testWelcomePageTitle" time="0.579"/>
  <system-out/>
  <testcase classname="org.BIMNetworks.BuyDirect_Test.WelcomePageTest" name="testWelcomeMessage2" time="3.739"/>
  <system-out/>
  <testcase classname="org.BIMNetworks.BuyDirect_Test.WelcomePageTest" name="testTextBeforeSignInHereLink" time="0.495"/>
  <system-out/>
  <testcase classname="org.BIMNetworks.BuyDirect_Test.WelcomePageTest" name="testWelcomeMessage1" time="3.124"/>
  <system-out/>
  <testcase classname="org.BIMNetworks.BuyDirect_Test.WelcomePageTest" name="testPartnerTenderNameHeader" time="4.032"/>
  <system-out/>
  <testcase classname="org.BIMNetworks.BuyDirect_Test.WelcomePageTest" name="testContinueButton" time="3.546"/>
  <system-out/>
  <testcase classname="org.BIMNetworks.BuyDirect_Test.WelcomePageTest" name="testSignInHereLinkTextisDisplayed" time="0.464"/>
  <system-out/>
  <testcase classname="org.BIMNetworks.BuyDirect_Test.WelcomePageTest" name="testCurrentURL" time="0.061"/>
  <system-out/>
  <testcase classname="org.BIMNetworks.BuyDirect_Test.WelcomePageTest" name="testTitleisDisplayedCenter" time="2.722"/>
  <system-out/>
  <testcase classname="org.BIMNetworks.BuyDirect_Test.WelcomePageTest" name="testPartnerTenderNameisDisplayed" time="0.212"/>
  <system-out/>
</testsuite> <!-- org.BIMNetworks.BuyDirect_Test.WelcomePageTest -->
