<?xml version="1.0" encoding="UTF-8"?>
<!-- Generated by org.testng.reporters.JUnitReportReporter -->
<testsuite hostname="NUC2" failures="0" tests="16" name="org.BIMNetworks.BuyDirect_Test.WelcomePageTest" time="28.989" errors="0" timestamp="2024-08-12T19:39:49 IST" skipped="0">
  <testcase classname="org.BIMNetworks.BuyDirect_Test.WelcomePageTest" name="test_FooterTextisDisplayed" time="0.965"/>
  <system-out/>
  <testcase classname="org.BIMNetworks.BuyDirect_Test.WelcomePageTest" name="brokenImageTest" time="2.126"/>
  <system-out/>
  <testcase classname="org.BIMNetworks.BuyDirect_Test.WelcomePageTest" name="testContinueButtonText" time="0.580"/>
  <system-out/>
  <testcase classname="org.BIMNetworks.BuyDirect_Test.WelcomePageTest" name="testTitleisDisplayedCenter" time="2.666"/>
  <system-out/>
  <testcase classname="org.BIMNetworks.BuyDirect_Test.WelcomePageTest" name="testPartnerTenderNameHeader" time="4.183"/>
  <system-out/>
  <testcase classname="org.BIMNetworks.BuyDirect_Test.WelcomePageTest" name="testTextBeforeSignInHereLink" time="0.536"/>
  <system-out/>
  <testcase classname="org.BIMNetworks.BuyDirect_Test.WelcomePageTest" name="testPartnerTenderNameisDisplayed" time="0.346"/>
  <system-out/>
  <testcase classname="org.BIMNetworks.BuyDirect_Test.WelcomePageTest" name="testSignInHereLinkTextisDisplayed" time="0.639"/>
  <system-out/>
  <testcase classname="org.BIMNetworks.BuyDirect_Test.WelcomePageTest" name="testCurrentURL" time="0.133"/>
  <system-out/>
  <testcase classname="org.BIMNetworks.BuyDirect_Test.WelcomePageTest" name="testPartnerLogoisDisplayed" time="0.272"/>
  <system-out/>
  <testcase classname="org.BIMNetworks.BuyDirect_Test.WelcomePageTest" name="test_FooterText" time="3.266"/>
  <system-out/>
  <testcase classname="org.BIMNetworks.BuyDirect_Test.WelcomePageTest" name="testPartnerLogo" time="2.843"/>
  <system-out/>
  <testcase classname="org.BIMNetworks.BuyDirect_Test.WelcomePageTest" name="testContinueButton" time="3.715"/>
  <system-out/>
  <testcase classname="org.BIMNetworks.BuyDirect_Test.WelcomePageTest" name="testWelcomeMessage2" time="3.066"/>
  <system-out/>
  <testcase classname="org.BIMNetworks.BuyDirect_Test.WelcomePageTest" name="testWelcomeMessage1" time="3.113"/>
  <system-out/>
  <testcase classname="org.BIMNetworks.BuyDirect_Test.WelcomePageTest" name="testWelcomePageTitle" time="0.540"/>
  <system-out/>
</testsuite> <!-- org.BIMNetworks.BuyDirect_Test.WelcomePageTest -->
