<?xml version="1.0" encoding="UTF-8"?>
<!-- Generated by org.testng.reporters.JUnitReportReporter -->
<testsuite hostname="NUC2" failures="0" tests="11" name="org.BIMNetworks.BuyDirect_Test.EnrollPageTest" time="67.011" errors="0" timestamp="2024-06-28T15:21:55 IST" skipped="0">
  <testcase classname="org.BIMNetworks.BuyDirect_Test.EnrollPageTest" name="test_isDLRequired" time="3.170"/>
  <system-out/>
  <testcase classname="org.BIMNetworks.BuyDirect_Test.EnrollPageTest" name="test_PartnerLogo" time="3.075"/>
  <system-out/>
  <testcase classname="org.BIMNetworks.BuyDirect_Test.EnrollPageTest" name="test_ValidateTermsAndConditions" time="4.558"/>
  <system-out/>
  <testcase classname="org.BIMNetworks.BuyDirect_Test.EnrollPageTest" name="test_ValidEnrollmentInputFields" time="29.642"/>
  <system-out/>
  <testcase classname="org.BIMNetworks.BuyDirect_Test.EnrollPageTest" name="test_PartnerTenderNameisDisplayed" time="0.223"/>
  <system-out/>
  <testcase classname="org.BIMNetworks.BuyDirect_Test.EnrollPageTest" name="test_EnrollPageRequiredFieldErrorMessage" time="8.140"/>
  <system-out/>
  <testcase classname="org.BIMNetworks.BuyDirect_Test.EnrollPageTest" name="test_PartnerTenderNameHeader" time="13.689"/>
  <system-out/>
  <testcase classname="org.BIMNetworks.BuyDirect_Test.EnrollPageTest" name="test_ProgressIndicators" time="0.540"/>
  <system-out/>
  <testcase classname="org.BIMNetworks.BuyDirect_Test.EnrollPageTest" name="test_PartnerLogoisDisplayed" time="0.307"/>
  <system-out/>
  <testcase classname="org.BIMNetworks.BuyDirect_Test.EnrollPageTest" name="BrokenImageTest" time="0.786"/>
  <system-out/>
  <testcase classname="org.BIMNetworks.BuyDirect_Test.EnrollPageTest" name="clickOnWelcomePageContinueButton" time="2.881"/>
  <system-out/>
</testsuite> <!-- org.BIMNetworks.BuyDirect_Test.EnrollPageTest -->
