<?xml version="1.0" encoding="UTF-8"?>
<!-- Generated by org.testng.reporters.JUnitReportReporter -->
<testsuite hostname="NUC2" failures="0" tests="11" name="org.BIMNetworks.BuyDirect_Test.EnrollPageTest" time="74.613" errors="0" timestamp="2024-07-02T16:06:35 IST" skipped="0">
  <testcase classname="org.BIMNetworks.BuyDirect_Test.EnrollPageTest" name="testPartnerTenderNameisDisplayed" time="0.247"/>
  <system-out/>
  <testcase classname="org.BIMNetworks.BuyDirect_Test.EnrollPageTest" name="brokenImageTest" time="1.052"/>
  <system-out/>
  <testcase classname="org.BIMNetworks.BuyDirect_Test.EnrollPageTest" name="testIsDLRequired" time="3.611"/>
  <system-out/>
  <testcase classname="org.BIMNetworks.BuyDirect_Test.EnrollPageTest" name="testValidEnrollmentInputFields" time="18.015"/>
  <system-out/>
  <testcase classname="org.BIMNetworks.BuyDirect_Test.EnrollPageTest" name="clickOnWelcomePageContinueButton" time="4.272"/>
  <system-out/>
  <testcase classname="org.BIMNetworks.BuyDirect_Test.EnrollPageTest" name="test_PartnerLogoisDisplayed" time="0.230"/>
  <system-out/>
  <testcase classname="org.BIMNetworks.BuyDirect_Test.EnrollPageTest" name="testProgressIndicators" time="0.602"/>
  <system-out/>
  <testcase classname="org.BIMNetworks.BuyDirect_Test.EnrollPageTest" name="testEnrollPageRequiredFieldErrorMessage" time="5.989"/>
  <system-out/>
  <testcase classname="org.BIMNetworks.BuyDirect_Test.EnrollPageTest" name="testPartnerTenderNameHeader" time="3.301"/>
  <system-out/>
  <testcase classname="org.BIMNetworks.BuyDirect_Test.EnrollPageTest" name="testValidateTermsAndConditions" time="34.373"/>
  <system-out/>
  <testcase classname="org.BIMNetworks.BuyDirect_Test.EnrollPageTest" name="testPartnerLogo" time="2.921"/>
  <system-out/>
</testsuite> <!-- org.BIMNetworks.BuyDirect_Test.EnrollPageTest -->
