<?xml version="1.0" encoding="UTF-8"?>
<!-- Generated by org.testng.reporters.JUnitReportReporter -->
<testsuite hostname="NUC2" failures="0" tests="16" name="com.BuyDirect.tests.WelcomePageTest" time="44.455" errors="0" timestamp="2024-09-06T15:59:09 IST" skipped="0">
  <testcase classname="com.BuyDirect.tests.WelcomePageTest" name="testWelcomePageTitle" time="1.103"/>
  <system-out/>
  <testcase classname="com.BuyDirect.tests.WelcomePageTest" name="test_FooterTextisDisplayed" time="1.489"/>
  <system-out/>
  <testcase classname="com.BuyDirect.tests.WelcomePageTest" name="testContinueButtonText" time="1.645"/>
  <system-out/>
  <testcase classname="com.BuyDirect.tests.WelcomePageTest" name="testPartnerTenderNameisDisplayed" time="0.790"/>
  <system-out/>
  <testcase classname="com.BuyDirect.tests.WelcomePageTest" name="brokenImageTest" time="2.598"/>
  <system-out/>
  <testcase classname="com.BuyDirect.tests.WelcomePageTest" name="test_FooterText" time="3.811"/>
  <system-out/>
  <testcase classname="com.BuyDirect.tests.WelcomePageTest" name="testPartnerLogoisDisplayed" time="0.756"/>
  <system-out/>
  <testcase classname="com.BuyDirect.tests.WelcomePageTest" name="testPartnerTenderNameHeader" time="5.092"/>
  <system-out/>
  <testcase classname="com.BuyDirect.tests.WelcomePageTest" name="testContinueButton" time="6.117"/>
  <system-out/>
  <testcase classname="com.BuyDirect.tests.WelcomePageTest" name="testWelcomeMessage2" time="3.689"/>
  <system-out/>
  <testcase classname="com.BuyDirect.tests.WelcomePageTest" name="testPartnerLogo" time="3.468"/>
  <system-out/>
  <testcase classname="com.BuyDirect.tests.WelcomePageTest" name="testWelcomeMessage1" time="3.615"/>
  <system-out/>
  <testcase classname="com.BuyDirect.tests.WelcomePageTest" name="testTitleisDisplayedCenter" time="6.276"/>
  <system-out/>
  <testcase classname="com.BuyDirect.tests.WelcomePageTest" name="testSignInHereLinkTextisDisplayed" time="2.058"/>
  <system-out/>
  <testcase classname="com.BuyDirect.tests.WelcomePageTest" name="testTextBeforeSignInHereLink" time="1.616"/>
  <system-out/>
  <testcase classname="com.BuyDirect.tests.WelcomePageTest" name="testCurrentURL" time="0.332"/>
  <system-out/>
</testsuite> <!-- com.BuyDirect.tests.WelcomePageTest -->
