<?xml version="1.0" encoding="UTF-8"?>
<!-- Generated by org.testng.reporters.JUnitReportReporter -->
<testsuite hostname="NUC2" failures="0" tests="14" name="org.BIMNetworks.BuyDirect_Test.WelcomePageTest" time="23.019" errors="0" timestamp="2024-07-02T17:49:56 IST" skipped="0">
  <testcase classname="org.BIMNetworks.BuyDirect_Test.WelcomePageTest" name="testContinueButton" time="3.453"/>
  <system-out/>
  <testcase classname="org.BIMNetworks.BuyDirect_Test.WelcomePageTest" name="testPartnerLogoisDisplayed" time="0.256"/>
  <system-out/>
  <testcase classname="org.BIMNetworks.BuyDirect_Test.WelcomePageTest" name="testPartnerTenderNameHeader" time="4.486"/>
  <system-out/>
  <testcase classname="org.BIMNetworks.BuyDirect_Test.WelcomePageTest" name="testWelcomeMessage1" time="3.098"/>
  <system-out/>
  <testcase classname="org.BIMNetworks.BuyDirect_Test.WelcomePageTest" name="testPartnerTenderNameisDisplayed" time="0.252"/>
  <system-out/>
  <testcase classname="org.BIMNetworks.BuyDirect_Test.WelcomePageTest" name="testTitleisDisplayedCenter" time="2.487"/>
  <system-out/>
  <testcase classname="org.BIMNetworks.BuyDirect_Test.WelcomePageTest" name="testTextBeforeSignInHereLink" time="0.609"/>
  <system-out/>
  <testcase classname="org.BIMNetworks.BuyDirect_Test.WelcomePageTest" name="testWelcomePageTitle" time="0.520"/>
  <system-out/>
  <testcase classname="org.BIMNetworks.BuyDirect_Test.WelcomePageTest" name="testCurrentURL" time="0.068"/>
  <system-out/>
  <testcase classname="org.BIMNetworks.BuyDirect_Test.WelcomePageTest" name="testSignInHereLinkTextisDisplayed" time="0.562"/>
  <system-out/>
  <testcase classname="org.BIMNetworks.BuyDirect_Test.WelcomePageTest" name="brokenImageTest" time="0.737"/>
  <system-out/>
  <testcase classname="org.BIMNetworks.BuyDirect_Test.WelcomePageTest" name="testContinueButtonText" time="0.512"/>
  <system-out/>
  <testcase classname="org.BIMNetworks.BuyDirect_Test.WelcomePageTest" name="testWelcomeMessage2" time="3.225"/>
  <system-out/>
  <testcase classname="org.BIMNetworks.BuyDirect_Test.WelcomePageTest" name="testPartnerLogo" time="2.754"/>
  <system-out/>
</testsuite> <!-- org.BIMNetworks.BuyDirect_Test.WelcomePageTest -->
