<?xml version="1.0" encoding="UTF-8"?>
<!-- Generated by org.testng.reporters.JUnitReportReporter -->
<testsuite hostname="NUC2" failures="0" tests="11" name="org.BIMNetworks.BuyDirect_Test.EnrollPageTest" time="71.515" errors="0" timestamp="2024-07-02T17:14:17 IST" skipped="0">
  <testcase classname="org.BIMNetworks.BuyDirect_Test.EnrollPageTest" name="testPartnerTenderNameHeader" time="2.790"/>
  <system-out/>
  <testcase classname="org.BIMNetworks.BuyDirect_Test.EnrollPageTest" name="testEnrollPageRequiredFieldErrorMessage" time="4.880"/>
  <system-out/>
  <testcase classname="org.BIMNetworks.BuyDirect_Test.EnrollPageTest" name="clickOnWelcomePageContinueButton" time="3.676"/>
  <system-out/>
  <testcase classname="org.BIMNetworks.BuyDirect_Test.EnrollPageTest" name="testPartnerLogo" time="2.795"/>
  <system-out/>
  <testcase classname="org.BIMNetworks.BuyDirect_Test.EnrollPageTest" name="brokenImageTest" time="1.172"/>
  <system-out/>
  <testcase classname="org.BIMNetworks.BuyDirect_Test.EnrollPageTest" name="testValidateTermsAndConditions" time="33.151"/>
  <system-out/>
  <testcase classname="org.BIMNetworks.BuyDirect_Test.EnrollPageTest" name="test_PartnerLogoisDisplayed" time="0.241"/>
  <system-out/>
  <testcase classname="org.BIMNetworks.BuyDirect_Test.EnrollPageTest" name="testProgressIndicators" time="0.451"/>
  <system-out/>
  <testcase classname="org.BIMNetworks.BuyDirect_Test.EnrollPageTest" name="testValidEnrollmentInputFields" time="18.680"/>
  <system-out/>
  <testcase classname="org.BIMNetworks.BuyDirect_Test.EnrollPageTest" name="testIsDLRequired" time="3.336"/>
  <system-out/>
  <testcase classname="org.BIMNetworks.BuyDirect_Test.EnrollPageTest" name="testPartnerTenderNameisDisplayed" time="0.343"/>
  <system-out/>
</testsuite> <!-- org.BIMNetworks.BuyDirect_Test.EnrollPageTest -->
