<?xml version="1.0" encoding="UTF-8"?>
<!-- Generated by org.testng.reporters.JUnitReportReporter -->
<testsuite hostname="NUC2" failures="0" tests="16" name="org.BIMNetworks.BuyDirect_Test.WelcomePageTest" time="23.941" errors="0" timestamp="2024-09-05T16:46:43 IST" skipped="0">
  <testcase classname="org.BIMNetworks.BuyDirect_Test.WelcomePageTest" name="test_FooterTextisDisplayed" time="0.397"/>
  <system-out/>
  <testcase classname="org.BIMNetworks.BuyDirect_Test.WelcomePageTest" name="testSignInHereLinkTextisDisplayed" time="0.395"/>
  <system-out/>
  <testcase classname="org.BIMNetworks.BuyDirect_Test.WelcomePageTest" name="testWelcomePageTitle" time="0.375"/>
  <system-out/>
  <testcase classname="org.BIMNetworks.BuyDirect_Test.WelcomePageTest" name="testContinueButtonText" time="0.402"/>
  <system-out/>
  <testcase classname="org.BIMNetworks.BuyDirect_Test.WelcomePageTest" name="testPartnerTenderNameisDisplayed" time="0.194"/>
  <system-out/>
  <testcase classname="org.BIMNetworks.BuyDirect_Test.WelcomePageTest" name="brokenImageTest" time="0.836"/>
  <system-out/>
  <testcase classname="org.BIMNetworks.BuyDirect_Test.WelcomePageTest" name="testPartnerLogoisDisplayed" time="0.190"/>
  <system-out/>
  <testcase classname="org.BIMNetworks.BuyDirect_Test.WelcomePageTest" name="testContinueButton" time="3.309"/>
  <system-out/>
  <testcase classname="org.BIMNetworks.BuyDirect_Test.WelcomePageTest" name="testPartnerTenderNameHeader" time="3.852"/>
  <system-out/>
  <testcase classname="org.BIMNetworks.BuyDirect_Test.WelcomePageTest" name="testPartnerLogo" time="2.791"/>
  <system-out/>
  <testcase classname="org.BIMNetworks.BuyDirect_Test.WelcomePageTest" name="testCurrentURL" time="0.075"/>
  <system-out/>
  <testcase classname="org.BIMNetworks.BuyDirect_Test.WelcomePageTest" name="testWelcomeMessage1" time="2.934"/>
  <system-out/>
  <testcase classname="org.BIMNetworks.BuyDirect_Test.WelcomePageTest" name="test_FooterText" time="2.965"/>
  <system-out/>
  <testcase classname="org.BIMNetworks.BuyDirect_Test.WelcomePageTest" name="testTextBeforeSignInHereLink" time="0.395"/>
  <system-out/>
  <testcase classname="org.BIMNetworks.BuyDirect_Test.WelcomePageTest" name="testTitleisDisplayedCenter" time="1.937"/>
  <system-out/>
  <testcase classname="org.BIMNetworks.BuyDirect_Test.WelcomePageTest" name="testWelcomeMessage2" time="2.894"/>
  <system-out/>
</testsuite> <!-- org.BIMNetworks.BuyDirect_Test.WelcomePageTest -->
