<?xml version="1.0" encoding="UTF-8"?>
<!-- Generated by org.testng.reporters.JUnitReportReporter -->
<testsuite hostname="NUC2" failures="0" tests="22" name="org.BIMNetworks.BuyDirect_Test.EnrollPageTest" time="96.636" errors="0" timestamp="2024-08-08T19:06:33 IST" skipped="0">
  <testcase classname="org.BIMNetworks.BuyDirect_Test.EnrollPageTest" name="clickOnWelcomePageContinueButton" time="2.696"/>
  <system-out/>
  <testcase classname="org.BIMNetworks.BuyDirect_Test.EnrollPageTest" name="testTermsAndConditionsBeforeTextIsDisplayed" time="0.488"/>
  <system-out/>
  <testcase classname="org.BIMNetworks.BuyDirect_Test.EnrollPageTest" name="testPartnerTenderNameisDisplayed" time="0.285"/>
  <system-out/>
  <testcase classname="org.BIMNetworks.BuyDirect_Test.EnrollPageTest" name="testProgressIndicators" time="0.411"/>
  <system-out/>
  <testcase classname="org.BIMNetworks.BuyDirect_Test.EnrollPageTest" name="testTextNotificationsLinkIsNotBroken" time="1.127"/>
  <system-out/>
  <testcase classname="org.BIMNetworks.BuyDirect_Test.EnrollPageTest" name="testValidEnrollmentInputFields" time="20.479"/>
  <system-out/>
  <testcase classname="org.BIMNetworks.BuyDirect_Test.EnrollPageTest" name="testPartnerLogo" time="2.817"/>
  <system-out/>
  <testcase classname="org.BIMNetworks.BuyDirect_Test.EnrollPageTest" name="testCombinedTermsAndConditionsText" time="3.409"/>
  <system-out/>
  <testcase classname="org.BIMNetworks.BuyDirect_Test.EnrollPageTest" name="testEnrollPageRequiredFieldErrorMessage" time="4.887"/>
  <system-out/>
  <testcase classname="org.BIMNetworks.BuyDirect_Test.EnrollPageTest" name="test_PartnerLogoisDisplayed" time="0.274"/>
  <system-out/>
  <testcase classname="org.BIMNetworks.BuyDirect_Test.EnrollPageTest" name="testTermsAndConditionsLinkIsNotBroken" time="1.423"/>
  <system-out/>
  <testcase classname="org.BIMNetworks.BuyDirect_Test.EnrollPageTest" name="testTextNotificationsTextIsDisplayed" time="0.293"/>
  <system-out/>
  <testcase classname="org.BIMNetworks.BuyDirect_Test.EnrollPageTest" name="brokenImageTest" time="0.811"/>
  <system-out/>
  <testcase classname="org.BIMNetworks.BuyDirect_Test.EnrollPageTest" name="testTextNotificationsLinkOpensNewWindow" time="7.897"/>
  <system-out/>
  <testcase classname="org.BIMNetworks.BuyDirect_Test.EnrollPageTest" name="testTermsAndConditionsLinkOpensNewWindow" time="6.291"/>
  <system-out/>
  <testcase classname="org.BIMNetworks.BuyDirect_Test.EnrollPageTest" name="testTermsAndConditionsLinkTextIsDisplayed" time="0.847"/>
  <system-out/>
  <testcase classname="org.BIMNetworks.BuyDirect_Test.EnrollPageTest" name="testIsDLRequired" time="3.055"/>
  <system-out/>
  <testcase classname="org.BIMNetworks.BuyDirect_Test.EnrollPageTest" name="testTextNotificationsLinkTextIsDisplayed" time="1.016"/>
  <system-out/>
  <testcase classname="org.BIMNetworks.BuyDirect_Test.EnrollPageTest" name="testPartnerTenderNameHeader" time="2.886"/>
  <system-out/>
  <testcase classname="org.BIMNetworks.BuyDirect_Test.EnrollPageTest" name="testValidateTermsAndConditions" time="34.280"/>
  <system-out/>
  <testcase classname="org.BIMNetworks.BuyDirect_Test.EnrollPageTest" name="testTextBeforeSignInHereLink" time="0.472"/>
  <system-out/>
  <testcase classname="org.BIMNetworks.BuyDirect_Test.EnrollPageTest" name="testSignInHereLinkTextisDisplayed" time="0.492"/>
  <system-out/>
</testsuite> <!-- org.BIMNetworks.BuyDirect_Test.EnrollPageTest -->
